<?xml version="1.0" encoding="UTF-8"?>
<testng-results skipped="0" failed="0" ignored="0" total="1" passed="1">
  <reporter-output>
  </reporter-output>
  <suite name="Default suite" duration-ms="14922" started-at="2021-01-16T15:37:03 IST" finished-at="2021-01-16T15:37:18 IST">
    <groups>
    </groups>
    <test name="Default test" duration-ms="14922" started-at="2021-01-16T15:37:03 IST" finished-at="2021-01-16T15:37:18 IST">
      <class name="qaClick.rspracticeProject">
        <test-method status="PASS" signature="validatePracticeProject()[pri:0, instance:qaClick.rspracticeProject@2a17b7b6]" name="validatePracticeProject" duration-ms="14873" started-at="2021-01-16T15:37:03 IST" finished-at="2021-01-16T15:37:18 IST">
          <reporter-output>
          </reporter-output>
        </test-method> <!-- validatePracticeProject -->
      </class> <!-- qaClick.rspracticeProject -->
    </test> <!-- Default test -->
  </suite> <!-- Default suite -->
</testng-results>
