<?xml version="1.0" encoding="UTF-8"?>
<testng-results skipped="0" failed="1" ignored="0" total="19" passed="18">
  <reporter-output>
  </reporter-output>
  <suite name="Suite" duration-ms="167147" started-at="2021-01-28T15:00:17 IST" finished-at="2021-01-28T15:03:05 IST">
    <groups>
    </groups>
    <test name="Test" duration-ms="167147" started-at="2021-01-28T15:00:17 IST" finished-at="2021-01-28T15:03:05 IST">
      <class name="qaClick.courseList">
        <test-method status="PASS" signature="grabCourseList()[pri:0, instance:qaClick.courseList@123ef382]" name="grabCourseList" duration-ms="15857" started-at="2021-01-28T15:01:52 IST" finished-at="2021-01-28T15:02:08 IST">
          <reporter-output>
          </reporter-output>
        </test-method> <!-- grabCourseList -->
      </class> <!-- qaClick.courseList -->
      <class name="qaClick.practiceProject1">
        <test-method status="PASS" signature="validatePracticeProject()[pri:0, instance:qaClick.practiceProject1@dbf57b3]" name="validatePracticeProject" duration-ms="28780" started-at="2021-01-28T15:02:08 IST" finished-at="2021-01-28T15:02:37 IST">
          <reporter-output>
          </reporter-output>
        </test-method> <!-- validatePracticeProject -->
        <test-method status="PASS" signature="closeBrowser()[pri:0, instance:qaClick.practiceProject1@dbf57b3]" name="closeBrowser" is-config="true" duration-ms="300" started-at="2021-01-28T15:03:03 IST" finished-at="2021-01-28T15:03:03 IST">
          <reporter-output>
          </reporter-output>
        </test-method> <!-- closeBrowser -->
      </class> <!-- qaClick.practiceProject1 -->
      <class name="qaClick.practiceProject2">
        <test-method status="PASS" signature="openBrowser()[pri:0, instance:qaClick.practiceProject2@6e171cd7]" name="openBrowser" is-config="true" duration-ms="6059" started-at="2021-01-28T15:00:25 IST" finished-at="2021-01-28T15:00:31 IST">
          <reporter-output>
          </reporter-output>
        </test-method> <!-- openBrowser -->
        <test-method status="PASS" signature="autoSuggestiveDropdown()[pri:0, instance:qaClick.practiceProject2@6e171cd7]" name="autoSuggestiveDropdown" duration-ms="5511" started-at="2021-01-28T15:02:37 IST" finished-at="2021-01-28T15:02:43 IST">
          <reporter-output>
          </reporter-output>
        </test-method> <!-- autoSuggestiveDropdown -->
        <test-method status="PASS" signature="elementHideShow()[pri:0, instance:qaClick.practiceProject2@6e171cd7]" name="elementHideShow" duration-ms="202" started-at="2021-01-28T15:02:43 IST" finished-at="2021-01-28T15:02:43 IST">
          <reporter-output>
          </reporter-output>
        </test-method> <!-- elementHideShow -->
        <test-method status="PASS" signature="fixedHeader()[pri:0, instance:qaClick.practiceProject2@6e171cd7]" name="fixedHeader" duration-ms="629" started-at="2021-01-28T15:02:43 IST" finished-at="2021-01-28T15:02:43 IST">
          <reporter-output>
          </reporter-output>
        </test-method> <!-- fixedHeader -->
        <test-method status="PASS" signature="mouseAction()[pri:0, instance:qaClick.practiceProject2@6e171cd7]" name="mouseAction" duration-ms="385" started-at="2021-01-28T15:02:43 IST" finished-at="2021-01-28T15:02:44 IST">
          <reporter-output>
          </reporter-output>
        </test-method> <!-- mouseAction -->
        <test-method status="PASS" signature="redioButton()[pri:0, instance:qaClick.practiceProject2@6e171cd7]" name="redioButton" duration-ms="101" started-at="2021-01-28T15:02:44 IST" finished-at="2021-01-28T15:02:44 IST">
          <reporter-output>
          </reporter-output>
        </test-method> <!-- redioButton -->
        <test-method status="PASS" signature="selectCheckBox()[pri:0, instance:qaClick.practiceProject2@6e171cd7]" name="selectCheckBox" duration-ms="64" started-at="2021-01-28T15:02:44 IST" finished-at="2021-01-28T15:02:44 IST">
          <reporter-output>
          </reporter-output>
        </test-method> <!-- selectCheckBox -->
        <test-method status="PASS" signature="selectStaticDropdown()[pri:0, instance:qaClick.practiceProject2@6e171cd7]" name="selectStaticDropdown" duration-ms="181" started-at="2021-01-28T15:02:44 IST" finished-at="2021-01-28T15:02:44 IST">
          <reporter-output>
          </reporter-output>
        </test-method> <!-- selectStaticDropdown -->
        <test-method status="PASS" signature="validateAlert()[pri:0, instance:qaClick.practiceProject2@6e171cd7]" name="validateAlert" duration-ms="311" started-at="2021-01-28T15:02:44 IST" finished-at="2021-01-28T15:02:44 IST">
          <reporter-output>
          </reporter-output>
        </test-method> <!-- validateAlert -->
        <test-method status="PASS" signature="validateConfirmation()[pri:0, instance:qaClick.practiceProject2@6e171cd7]" name="validateConfirmation" duration-ms="5238" started-at="2021-01-28T15:02:44 IST" finished-at="2021-01-28T15:02:50 IST">
          <reporter-output>
          </reporter-output>
        </test-method> <!-- validateConfirmation -->
        <test-method status="PASS" signature="validateSwitchTab()[pri:0, instance:qaClick.practiceProject2@6e171cd7]" name="validateSwitchTab" duration-ms="7887" started-at="2021-01-28T15:02:50 IST" finished-at="2021-01-28T15:02:58 IST">
          <reporter-output>
          </reporter-output>
        </test-method> <!-- validateSwitchTab -->
        <test-method status="PASS" signature="validateSwitchWindow()[pri:0, instance:qaClick.practiceProject2@6e171cd7]" name="validateSwitchWindow" duration-ms="3729" started-at="2021-01-28T15:02:58 IST" finished-at="2021-01-28T15:03:01 IST">
          <reporter-output>
          </reporter-output>
        </test-method> <!-- validateSwitchWindow -->
        <test-method status="PASS" signature="validateTable()[pri:0, instance:qaClick.practiceProject2@6e171cd7]" name="validateTable" duration-ms="921" started-at="2021-01-28T15:03:01 IST" finished-at="2021-01-28T15:03:02 IST">
          <reporter-output>
          </reporter-output>
        </test-method> <!-- validateTable -->
        <test-method status="PASS" signature="closeBrowser()[pri:0, instance:qaClick.practiceProject2@6e171cd7]" name="closeBrowser" is-config="true" duration-ms="1181" started-at="2021-01-28T15:03:03 IST" finished-at="2021-01-28T15:03:05 IST">
          <reporter-output>
          </reporter-output>
        </test-method> <!-- closeBrowser -->
      </class> <!-- qaClick.practiceProject2 -->
      <class name="qaClick.rsHomeRegister">
        <test-method status="PASS" signature="registerPage()[pri:0, instance:qaClick.rsHomeRegister@f5ac9e4]" name="registerPage" duration-ms="17240" started-at="2021-01-28T15:01:35 IST" finished-at="2021-01-28T15:01:52 IST">
          <reporter-output>
          </reporter-output>
        </test-method> <!-- registerPage -->
      </class> <!-- qaClick.rsHomeRegister -->
      <class name="qaClick.openHomePage">
        <test-method status="PASS" signature="openWeb()[pri:0, instance:qaClick.openHomePage@498d318c]" name="openWeb" is-config="true" duration-ms="7411" started-at="2021-01-28T15:00:17 IST" finished-at="2021-01-28T15:00:25 IST">
          <reporter-output>
          </reporter-output>
        </test-method> <!-- openWeb -->
        <test-method status="FAIL" signature="accessWebPage()[pri:0, instance:qaClick.openHomePage@498d318c]" name="accessWebPage" duration-ms="1244" started-at="2021-01-28T15:01:33 IST" finished-at="2021-01-28T15:01:34 IST">
          <exception class="org.openqa.selenium.ElementClickInterceptedException">
            <message>
              <![CDATA[element click intercepted: Element <a href="https://www.rahulshettyacademy.com">...</a> is not clickable at point (671, 74). Other element would receive the click: <div class="listbuilder-popup-content">...</div>
  (Session info: chrome=88.0.4324.104)
Build info: version: '3.141.59', revision: 'e82be7d358', time: '2018-11-14T08:17:03'
System info: host: 'VINAYAK-LENOVO', ip: '192.168.0.105', os.name: 'Windows 10', os.arch: 'amd64', os.version: '10.0', java.version: '1.8.0_211'
Driver info: org.openqa.selenium.chrome.ChromeDriver
Capabilities {acceptInsecureCerts: false, browserName: chrome, browserVersion: 88.0.4324.104, chrome: {chromedriverVersion: 88.0.4324.96 (68dba2d8a0b14..., userDataDir: C:\Users\VINAYA~1\AppData\L...}, goog:chromeOptions: {debuggerAddress: localhost:50549}, javascriptEnabled: true, networkConnectionEnabled: false, pageLoadStrategy: normal, platform: WINDOWS, platformName: WINDOWS, proxy: Proxy(), setWindowRect: true, strictFileInteractability: false, timeouts: {implicit: 0, pageLoad: 300000, script: 30000}, unhandledPromptBehavior: dismiss and notify, webauthn:extension:largeBlob: true, webauthn:virtualAuthenticators: true}
Session ID: 3d8d507ccbe109795c513936cd1ee764]]>
            </message>
            <full-stacktrace>
              <![CDATA[org.openqa.selenium.ElementClickInterceptedException: element click intercepted: Element <a href="https://www.rahulshettyacademy.com">...</a> is not clickable at point (671, 74). Other element would receive the click: <div class="listbuilder-popup-content">...</div>
  (Session info: chrome=88.0.4324.104)
Build info: version: '3.141.59', revision: 'e82be7d358', time: '2018-11-14T08:17:03'
System info: host: 'VINAYAK-LENOVO', ip: '192.168.0.105', os.name: 'Windows 10', os.arch: 'amd64', os.version: '10.0', java.version: '1.8.0_211'
Driver info: org.openqa.selenium.chrome.ChromeDriver
Capabilities {acceptInsecureCerts: false, browserName: chrome, browserVersion: 88.0.4324.104, chrome: {chromedriverVersion: 88.0.4324.96 (68dba2d8a0b14..., userDataDir: C:\Users\VINAYA~1\AppData\L...}, goog:chromeOptions: {debuggerAddress: localhost:50549}, javascriptEnabled: true, networkConnectionEnabled: false, pageLoadStrategy: normal, platform: WINDOWS, platformName: WINDOWS, proxy: Proxy(), setWindowRect: true, strictFileInteractability: false, timeouts: {implicit: 0, pageLoad: 300000, script: 30000}, unhandledPromptBehavior: dismiss and notify, webauthn:extension:largeBlob: true, webauthn:virtualAuthenticators: true}
Session ID: 3d8d507ccbe109795c513936cd1ee764
at sun.reflect.NativeConstructorAccessorImpl.newInstance0(Native Method)
at sun.reflect.NativeConstructorAccessorImpl.newInstance(Unknown Source)
at sun.reflect.DelegatingConstructorAccessorImpl.newInstance(Unknown Source)
at java.lang.reflect.Constructor.newInstance(Unknown Source)
at org.openqa.selenium.remote.http.W3CHttpResponseCodec.createException(W3CHttpResponseCodec.java:187)
at org.openqa.selenium.remote.http.W3CHttpResponseCodec.decode(W3CHttpResponseCodec.java:122)
at org.openqa.selenium.remote.http.W3CHttpResponseCodec.decode(W3CHttpResponseCodec.java:49)
at org.openqa.selenium.remote.HttpCommandExecutor.execute(HttpCommandExecutor.java:158)
at org.openqa.selenium.remote.service.DriverCommandExecutor.execute(DriverCommandExecutor.java:83)
at org.openqa.selenium.remote.RemoteWebDriver.execute(RemoteWebDriver.java:552)
at org.openqa.selenium.remote.RemoteWebElement.execute(RemoteWebElement.java:285)
at org.openqa.selenium.remote.RemoteWebElement.click(RemoteWebElement.java:84)
at qaClick.openHomePage.accessWebPage(openHomePage.java:35)
at sun.reflect.NativeMethodAccessorImpl.invoke0(Native Method)
at sun.reflect.NativeMethodAccessorImpl.invoke(Unknown Source)
at sun.reflect.DelegatingMethodAccessorImpl.invoke(Unknown Source)
at java.lang.reflect.Method.invoke(Unknown Source)
at org.testng.internal.MethodInvocationHelper.invokeMethod(MethodInvocationHelper.java:132)
at org.testng.internal.TestInvoker.invokeMethod(TestInvoker.java:599)
at org.testng.internal.TestInvoker.invokeTestMethod(TestInvoker.java:174)
at org.testng.internal.MethodRunner.runInSequence(MethodRunner.java:46)
at org.testng.internal.TestInvoker$MethodInvocationAgent.invoke(TestInvoker.java:822)
at org.testng.internal.TestInvoker.invokeTestMethods(TestInvoker.java:147)
at org.testng.internal.TestMethodWorker.invokeTestMethods(TestMethodWorker.java:146)
at org.testng.internal.TestMethodWorker.run(TestMethodWorker.java:128)
at java.util.ArrayList.forEach(Unknown Source)
at org.testng.TestRunner.privateRun(TestRunner.java:764)
at org.testng.TestRunner.run(TestRunner.java:585)
at org.testng.SuiteRunner.runTest(SuiteRunner.java:384)
at org.testng.SuiteRunner.access$000(SuiteRunner.java:28)
at org.testng.SuiteRunner$SuiteWorker.run(SuiteRunner.java:425)
at org.testng.internal.thread.ThreadUtil.lambda$execute$0(ThreadUtil.java:66)
at java.util.concurrent.FutureTask.run(Unknown Source)
at java.util.concurrent.ThreadPoolExecutor.runWorker(Unknown Source)
at java.util.concurrent.ThreadPoolExecutor$Worker.run(Unknown Source)
at java.lang.Thread.run(Unknown Source)
]]>
            </full-stacktrace>
          </exception> <!-- org.openqa.selenium.ElementClickInterceptedException -->
          <reporter-output>
          </reporter-output>
        </test-method> <!-- accessWebPage -->
        <test-method status="PASS" signature="closeBrowser()[pri:0, instance:qaClick.openHomePage@498d318c]" name="closeBrowser" is-config="true" duration-ms="617" started-at="2021-01-28T15:03:02 IST" finished-at="2021-01-28T15:03:03 IST">
          <reporter-output>
          </reporter-output>
        </test-method> <!-- closeBrowser -->
      </class> <!-- qaClick.openHomePage -->
      <class name="qaClick.rsHomeCarousel">
        <test-method status="PASS" signature="registerPage()[pri:0, instance:qaClick.rsHomeCarousel@59fd97a8]" name="registerPage" duration-ms="19964" started-at="2021-01-28T15:01:13 IST" finished-at="2021-01-28T15:01:33 IST">
          <reporter-output>
          </reporter-output>
        </test-method> <!-- registerPage -->
      </class> <!-- qaClick.rsHomeCarousel -->
      <class name="qaClick.rsHomeLogin">
        <test-method status="PASS" signature="rsLogin()[pri:0, instance:qaClick.rsHomeLogin@795cd85e]" name="rsLogin" duration-ms="25531" started-at="2021-01-28T15:00:48 IST" finished-at="2021-01-28T15:01:13 IST">
          <reporter-output>
          </reporter-output>
        </test-method> <!-- rsLogin -->
      </class> <!-- qaClick.rsHomeLogin -->
      <class name="qaClick.rspracticeProject">
        <test-method status="PASS" signature="validatePracticeProject()[pri:0, instance:qaClick.rspracticeProject@402bba4f]" name="validatePracticeProject" duration-ms="16599" started-at="2021-01-28T15:00:31 IST" finished-at="2021-01-28T15:00:48 IST">
          <reporter-output>
          </reporter-output>
        </test-method> <!-- validatePracticeProject -->
      </class> <!-- qaClick.rspracticeProject -->
    </test> <!-- Test -->
  </suite> <!-- Suite -->
</testng-results>
