<?xml version="1.0" encoding="UTF-8"?>
<!-- Generated by org.testng.reporters.JUnitXMLReporter -->
<testsuite hostname="Vinayak-Lenovo" ignored="0" name="Default test" tests="12" failures="0" timestamp="2021-01-28T12:03:29 IST" time="33.595" errors="0">
  <testcase name="autoSuggestiveDropdown" time="6.042" classname="qaClick.practiceProject2"/>
  <testcase name="elementHideShow" time="0.347" classname="qaClick.practiceProject2"/>
  <testcase name="fixedHeader" time="0.625" classname="qaClick.practiceProject2"/>
  <testcase name="mouseAction" time="0.374" classname="qaClick.practiceProject2"/>
  <testcase name="redioButton" time="0.095" classname="qaClick.practiceProject2"/>
  <testcase name="selectCheckBox" time="0.091" classname="qaClick.practiceProject2"/>
  <testcase name="selectStaticDropdown" time="0.177" classname="qaClick.practiceProject2"/>
  <testcase name="validateAlert" time="0.254" classname="qaClick.practiceProject2"/>
  <testcase name="validateConfirmation" time="5.243" classname="qaClick.practiceProject2"/>
  <testcase name="validateSwitchTab" time="7.567" classname="qaClick.practiceProject2"/>
  <testcase name="validateSwitchWindow" time="3.708" classname="qaClick.practiceProject2"/>
  <testcase name="validateTable" time="1.198" classname="qaClick.practiceProject2"/>
</testsuite> <!-- Default test -->
